c:\users\ferıt yıldız\desktop\c++ tutorıals\1_usıng_varıables\usıng_varıables\debug\vc142.pdb
c:\users\ferıt yıldız\desktop\c++ tutorıals\1_usıng_varıables\usıng_varıables\debug\vc142.ıdb
c:\users\ferıt yıldız\desktop\c++ tutorıals\1_usıng_varıables\usıng_varıables\debug\constructors.obj
c:\users\ferıt yıldız\desktop\c++ tutorıals\1_usıng_varıables\usıng_varıables\debug\burrıto.obj
c:\users\ferıt yıldız\desktop\c++ tutorıals\1_usıng_varıables\usıng_varıables\debug\maın.obj
c:\users\ferıt yıldız\desktop\c++ tutorıals\1_usıng_varıables\usıng_varıables\debug\usıng_varıables.exe
c:\users\ferıt yıldız\desktop\c++ tutorıals\1_usıng_varıables\usıng_varıables\debug\usıng_varıables.ılk
c:\users\ferıt yıldız\desktop\c++ tutorıals\1_usıng_varıables\usıng_varıables\debug\usıng_varıables.pdb
c:\users\ferit yıldız\desktop\c++ tutorials\1_using_variables\using_variables\debug\burrito.obj
c:\users\ferit yıldız\desktop\c++ tutorials\1_using_variables\using_variables\debug\constructors.obj
c:\users\ferit yıldız\desktop\c++ tutorials\1_using_variables\using_variables\debug\main.obj
c:\users\ferit yıldız\desktop\c++ tutorials\1_using_variables\using_variables\debug\source.obj
c:\users\ferit yıldız\desktop\c++ tutorials\1_using_variables\using_variables\debug\using_variables.ilk
c:\users\ferit yıldız\desktop\c++ tutorials\1_using_variables\using_variables\debug\vc142.idb
c:\users\ferit yıldız\desktop\c++ tutorials\1_using_variables\using_variables\debug\vc142.pdb
c:\users\ferit yıldız\desktop\c++ tutorials\1_using_variables\using_variables\debug\using_variables.tlog\cl.command.1.tlog
c:\users\ferit yıldız\desktop\c++ tutorials\1_using_variables\using_variables\debug\using_variables.tlog\cl.read.1.tlog
c:\users\ferit yıldız\desktop\c++ tutorials\1_using_variables\using_variables\debug\using_variables.tlog\cl.write.1.tlog
c:\users\ferit yıldız\desktop\c++ tutorials\1_using_variables\using_variables\debug\using_variables.tlog\link.command.1.tlog
c:\users\ferit yıldız\desktop\c++ tutorials\1_using_variables\using_variables\debug\using_variables.tlog\link.read.1.tlog
c:\users\ferit yıldız\desktop\c++ tutorials\1_using_variables\using_variables\debug\using_variables.tlog\link.write.1.tlog
